{"level":"info","message":"Opening new database connection","timestamp":"2025-09-10 17:42:23"}
{"level":"info","message":"Database initialized successfully","timestamp":"2025-09-10 17:42:23"}
{"level":"info","message":"API server running on http://localhost:3001","timestamp":"2025-09-10 17:42:23"}
{"level":"info","message":"Opening new database connection","timestamp":"2025-09-10 19:24:21"}
{"level":"info","message":"Database initialized successfully","timestamp":"2025-09-10 19:24:21"}
{"level":"info","message":"API server running on http://localhost:3001","timestamp":"2025-09-10 19:24:21"}
{"level":"info","message":"Opening new database connection","timestamp":"2025-09-10 19:27:04"}
{"level":"info","message":"Database initialized successfully","timestamp":"2025-09-10 19:27:04"}
{"level":"info","message":"API server running on http://localhost:3001","timestamp":"2025-09-10 19:27:04"}
{"level":"info","message":"Opening new database connection","timestamp":"2025-09-10 19:27:44"}
{"level":"info","message":"Database initialized successfully","timestamp":"2025-09-10 19:27:44"}
{"level":"info","message":"API server running on http://localhost:3001","timestamp":"2025-09-10 19:27:44"}
{"level":"info","message":"Opening new database connection","timestamp":"2025-09-10 19:41:08"}
{"level":"info","message":"Database initialized successfully","timestamp":"2025-09-10 19:41:08"}
{"level":"info","message":"API server running on http://localhost:3001","timestamp":"2025-09-10 19:41:08"}
{"level":"info","message":"Opening new database connection","timestamp":"2025-09-10 20:16:48"}
{"level":"info","message":"Database initialized successfully","timestamp":"2025-09-10 20:16:48"}
{"level":"info","message":"API server running on http://localhost:3001","timestamp":"2025-09-10 20:16:48"}
{"level":"info","message":"Opening new database connection","timestamp":"2025-09-10 23:37:59"}
{"level":"info","message":"Database initialized successfully","timestamp":"2025-09-10 23:37:59"}
{"level":"info","message":"API server running on http://localhost:3001","timestamp":"2025-09-10 23:37:59"}
{"level":"info","message":"Opening new database connection","timestamp":"2025-09-10 23:47:26"}
{"level":"info","message":"Database initialized successfully","timestamp":"2025-09-10 23:47:26"}
{"level":"info","message":"API server running on http://localhost:3001","timestamp":"2025-09-10 23:47:26"}
{"level":"info","message":"Opening new database connection","timestamp":"2025-09-11 10:32:16"}
{"level":"info","message":"Database initialized successfully","timestamp":"2025-09-11 10:32:16"}
{"level":"info","message":"API server running on http://localhost:3001","timestamp":"2025-09-11 10:32:16"}
{"level":"http","message":"::1 GET /api/health?id=a4b0bd66-3d7a-468e-a830-42eca427048f&vscodeBrowserReqId=1757579585020 200 54 - 2.036 ms","timestamp":"2025-09-11 10:33:05"}
{"level":"info","message":"Opening new database connection","timestamp":"2025-09-11 10:33:28"}
{"level":"info","message":"Database initialized successfully","timestamp":"2025-09-11 10:33:28"}
{"level":"info","message":"API server running on http://localhost:3001","timestamp":"2025-09-11 10:33:28"}
{"level":"info","message":"Opening new database connection","timestamp":"2025-09-12 16:24:20"}
{"level":"info","message":"Database initialized successfully","timestamp":"2025-09-12 16:24:20"}
{"level":"info","message":"API server running on http://localhost:3001","timestamp":"2025-09-12 16:24:20"}
{"level":"info","message":"Opening new database connection","timestamp":"2025-09-12 18:39:17"}
{"level":"info","message":"Database initialized successfully","timestamp":"2025-09-12 18:39:17"}
{"level":"info","message":"API server running on http://localhost:3001","timestamp":"2025-09-12 18:39:17"}
{"level":"http","message":"::1 GET / 404 139 - 3.572 ms","timestamp":"2025-09-12 18:39:33"}
{"level":"http","message":"::1 GET / 404 139 - 0.460 ms","timestamp":"2025-09-12 18:39:46"}
{"level":"debug","message":"Using existing database connection","timestamp":"2025-09-12 18:40:51"}
{"level":"debug","message":"Fetching resume from database","resumeId":"{id}","timestamp":"2025-09-12 18:40:51"}
{"level":"info","message":"Resume not found in database","resumeId":"{id}","timestamp":"2025-09-12 18:40:51"}
{"level":"http","message":"::1 GET /api/resumes/%7Bid%7D 404 28 - 6.942 ms","timestamp":"2025-09-12 18:40:51"}
{"level":"http","message":"::1 GET /favicon.ico 404 150 - 0.269 ms","timestamp":"2025-09-12 18:40:51"}
{"level":"http","message":"::1 GET /api/resumes/ 404 151 - 0.350 ms","timestamp":"2025-09-12 18:40:54"}
{"level":"info","message":"Opening new database connection","timestamp":"2025-09-12 22:14:01"}
{"level":"info","message":"Database initialized successfully","timestamp":"2025-09-12 22:14:01"}
{"level":"info","message":"API server running on http://localhost:3001","timestamp":"2025-09-12 22:14:01"}
{"level":"info","message":"Opening new database connection","timestamp":"2025-09-15 10:11:54"}
{"level":"info","message":"Database initialized successfully","timestamp":"2025-09-15 10:11:54"}
{"level":"info","message":"API server running on http://localhost:4000","timestamp":"2025-09-15 10:11:54"}
{"level":"info","message":"Opening new database connection","timestamp":"2025-09-15 10:21:46"}
{"level":"info","message":"Database initialized successfully","timestamp":"2025-09-15 10:21:46"}
{"level":"info","message":"API server running on http://localhost:4000","timestamp":"2025-09-15 10:21:46"}
{"level":"info","message":"Opening new database connection","timestamp":"2025-09-15 11:25:21"}
{"level":"info","message":"Database initialized successfully","timestamp":"2025-09-15 11:25:21"}
{"level":"info","message":"API server running on http://localhost:4000","timestamp":"2025-09-15 11:25:21"}
{"level":"info","message":"Opening new database connection","timestamp":"2025-09-15 13:10:48"}
{"level":"info","message":"Database initialized successfully","timestamp":"2025-09-15 13:10:48"}
{"level":"info","message":"API server running on http://localhost:4000","timestamp":"2025-09-15 13:10:48"}
{"level":"info","message":"Opening new database connection","timestamp":"2025-09-17 17:40:54"}
{"level":"info","message":"Database initialized successfully","timestamp":"2025-09-17 17:40:54"}
{"level":"info","message":"API server running on http://localhost:4000","timestamp":"2025-09-17 17:40:54"}
{"level":"info","message":"Opening new database connection","timestamp":"2025-09-17 17:46:59"}
{"level":"info","message":"Database initialized successfully","timestamp":"2025-09-17 17:46:59"}
{"level":"info","message":"API server running on http://localhost:4000","timestamp":"2025-09-17 17:46:59"}
{"level":"info","message":"Opening new database connection","timestamp":"2025-09-17 18:01:14"}
{"level":"info","message":"Database initialized successfully","timestamp":"2025-09-17 18:01:14"}
{"level":"info","message":"API server running on http://localhost:4000","timestamp":"2025-09-17 18:01:14"}
{"level":"info","message":"Opening new database connection","timestamp":"2025-09-18 14:14:00"}
{"level":"info","message":"Database initialized successfully","timestamp":"2025-09-18 14:14:00"}
{"level":"info","message":"API server running on http://localhost:4000","timestamp":"2025-09-18 14:14:00"}
{"level":"http","message":"::1 GET / 302 38 - 5.646 ms","timestamp":"2025-09-18 14:14:11"}
{"level":"http","message":"::1 GET /api/docs 301 158 - 2.140 ms","timestamp":"2025-09-18 14:14:11"}
{"level":"http","message":"::1 GET /api/docs/ 304 - - 2.323 ms","timestamp":"2025-09-18 14:14:11"}
{"level":"http","message":"::1 GET /api/docs/swagger-ui-init.js 304 - - 0.296 ms","timestamp":"2025-09-18 14:14:11"}
{"level":"http","message":"::1 GET /api/docs/swagger-ui.css 200 155212 - 10.063 ms","timestamp":"2025-09-18 14:14:11"}
{"level":"http","message":"::1 GET /api/docs/swagger-ui-standalone-preset.js 200 250335 - 10.669 ms","timestamp":"2025-09-18 14:14:11"}
{"level":"http","message":"::1 GET /api/docs/swagger-ui-bundle.js 200 1507218 - 8.021 ms","timestamp":"2025-09-18 14:14:11"}
{"level":"http","message":"::1 GET /api/docs/openapi.json 304 - - 0.508 ms","timestamp":"2025-09-18 14:14:12"}
{"level":"info","message":"Opening new database connection","timestamp":"2025-09-18 14:26:59"}
{"level":"info","message":"Database initialized successfully","timestamp":"2025-09-18 14:26:59"}
{"level":"info","message":"API server running on http://localhost:4000","timestamp":"2025-09-18 14:26:59"}
{"level":"info","message":"Opening new database connection","timestamp":"2025-09-18 14:37:39"}
{"level":"info","message":"Database initialized successfully","timestamp":"2025-09-18 14:37:39"}
{"level":"info","message":"API server running on http://localhost:4000","timestamp":"2025-09-18 14:37:39"}
{"level":"info","message":"Opening new database connection","timestamp":"2025-09-18 14:40:52"}
{"level":"info","message":"Database initialized successfully","timestamp":"2025-09-18 14:40:52"}
{"level":"info","message":"API server running on http://localhost:4000","timestamp":"2025-09-18 14:40:52"}
{"level":"info","message":"Opening new database connection","timestamp":"2025-09-18 14:43:13"}
{"level":"info","message":"Database initialized successfully","timestamp":"2025-09-18 14:43:13"}
{"level":"info","message":"API server running on http://localhost:4000","timestamp":"2025-09-18 14:43:13"}
{"body":{},"error":"Error\n    at UnknownErrorExceptionClosure (webpack:///src/shared/util.js:400:37)\n    at Object.<anonymous> (webpack:///src/shared/util.js:393:30)\n    at __w_pdfjs_require__ (webpack:///webpack/bootstrap%20c9be985464785b4e5413:19:1)\n    at Object.<anonymous> (webpack:///src/pdf.js:24:23)\n    at __w_pdfjs_require__ (webpack:///webpack/bootstrap%20c9be985464785b4e5413:19:1)\n    at <anonymous> (webpack:///webpack/bootstrap%20c9be985464785b4e5413:62:1)\n    at <anonymous> (webpack:///webpack/bootstrap%20c9be985464785b4e5413:62:1)\n    at webpackUniversalModuleDefinition (webpack:///webpack/universalModuleDefinition:3:1)\n    at Object.<anonymous> (webpack:///webpack/universalModuleDefinition:10:2)\n    at Module._compile (node:internal/modules/cjs/loader:1738:14)","file":{"originalname":"sample_resume.pdf","size":490},"headers":{"accept":"*/*","accept-encoding":"gzip, deflate, br, zstd","accept-language":"en-US","connection":"close","content-length":"686","content-type":"multipart/form-data; boundary=----WebKitFormBoundaryoh1YCucypqnM5640","host":"localhost:4000","origin":"http://localhost:3000","referer":"http://localhost:3000/resume-upload","sec-ch-ua":"\"Chromium\";v=\"140\", \"Not=A?Brand\";v=\"24\", \"HeadlessChrome\";v=\"140\"","sec-ch-ua-mobile":"?0","sec-ch-ua-platform":"\"Windows\"","sec-fetch-dest":"empty","sec-fetch-mode":"cors","sec-fetch-site":"same-origin","user-agent":"Mozilla/5.0 (Windows NT 10.0; Win64; x64) AppleWebKit/537.36 (KHTML, like Gecko) Chrome/140.0.7339.16 Safari/537.36","x-forwarded-host":"localhost:3000"},"level":"error","message":"Error uploading/parsing resume","timestamp":"2025-09-18 14:55:26"}
{"level":"http","message":"::1 POST /api/resumes 500 71 - 57.733 ms","timestamp":"2025-09-18 14:55:26"}
{"body":{},"error":"Error\n    at UnknownErrorExceptionClosure (webpack:///src/shared/util.js:400:37)\n    at Object.<anonymous> (webpack:///src/shared/util.js:393:30)\n    at __w_pdfjs_require__ (webpack:///webpack/bootstrap%20c9be985464785b4e5413:19:1)\n    at Object.<anonymous> (webpack:///src/pdf.js:24:23)\n    at __w_pdfjs_require__ (webpack:///webpack/bootstrap%20c9be985464785b4e5413:19:1)\n    at <anonymous> (webpack:///webpack/bootstrap%20c9be985464785b4e5413:62:1)\n    at <anonymous> (webpack:///webpack/bootstrap%20c9be985464785b4e5413:62:1)\n    at webpackUniversalModuleDefinition (webpack:///webpack/universalModuleDefinition:3:1)\n    at Object.<anonymous> (webpack:///webpack/universalModuleDefinition:10:2)\n    at Module._compile (node:internal/modules/cjs/loader:1738:14)","file":{"originalname":"sample_resume.pdf","size":490},"headers":{"accept":"*/*","accept-encoding":"gzip, deflate, br, zstd","accept-language":"en-US","connection":"close","content-length":"716","content-type":"multipart/form-data; boundary=----geckoformboundaryb066c0ad0950a0c07cea00b95be9644d","host":"localhost:4000","origin":"http://localhost:3000","priority":"u=4","referer":"http://localhost:3000/resume-upload","sec-fetch-dest":"empty","sec-fetch-mode":"cors","sec-fetch-site":"same-origin","user-agent":"Mozilla/5.0 (Windows NT 10.0; Win64; x64; rv:141.0) Gecko/20100101 Firefox/141.0","x-forwarded-host":"localhost:3000"},"level":"error","message":"Error uploading/parsing resume","timestamp":"2025-09-18 14:55:26"}
{"level":"http","message":"::1 POST /api/resumes 500 71 - 6.005 ms","timestamp":"2025-09-18 14:55:26"}
{"body":{},"error":"Error\n    at UnknownErrorExceptionClosure (webpack:///src/shared/util.js:400:37)\n    at Object.<anonymous> (webpack:///src/shared/util.js:393:30)\n    at __w_pdfjs_require__ (webpack:///webpack/bootstrap%20c9be985464785b4e5413:19:1)\n    at Object.<anonymous> (webpack:///src/pdf.js:24:23)\n    at __w_pdfjs_require__ (webpack:///webpack/bootstrap%20c9be985464785b4e5413:19:1)\n    at <anonymous> (webpack:///webpack/bootstrap%20c9be985464785b4e5413:62:1)\n    at <anonymous> (webpack:///webpack/bootstrap%20c9be985464785b4e5413:62:1)\n    at webpackUniversalModuleDefinition (webpack:///webpack/universalModuleDefinition:3:1)\n    at Object.<anonymous> (webpack:///webpack/universalModuleDefinition:10:2)\n    at Module._compile (node:internal/modules/cjs/loader:1738:14)","file":{"originalname":"sample_resume.pdf","size":490},"headers":{"accept":"*/*","accept-encoding":"gzip, deflate, br, zstd","accept-language":"en-US","connection":"close","content-length":"686","content-type":"multipart/form-data; boundary=----WebKitFormBoundaryZARFYS0DCa9UmR9M","host":"localhost:4000","origin":"http://localhost:3000","referer":"http://localhost:3000/resume-upload","sec-ch-ua":"\"Chromium\";v=\"140\", \"Not=A?Brand\";v=\"24\", \"HeadlessChrome\";v=\"140\"","sec-ch-ua-mobile":"?0","sec-ch-ua-platform":"\"Windows\"","sec-fetch-dest":"empty","sec-fetch-mode":"cors","sec-fetch-site":"same-origin","user-agent":"Mozilla/5.0 (Windows NT 10.0; Win64; x64) AppleWebKit/537.36 (KHTML, like Gecko) Chrome/140.0.7339.16 Safari/537.36","x-forwarded-host":"localhost:3000"},"level":"error","message":"Error uploading/parsing resume","timestamp":"2025-09-18 14:55:35"}
{"level":"http","message":"::1 POST /api/resumes 500 71 - 2.541 ms","timestamp":"2025-09-18 14:55:35"}
{"body":{},"error":"Error\n    at UnknownErrorExceptionClosure (webpack:///src/shared/util.js:400:37)\n    at Object.<anonymous> (webpack:///src/shared/util.js:393:30)\n    at __w_pdfjs_require__ (webpack:///webpack/bootstrap%20c9be985464785b4e5413:19:1)\n    at Object.<anonymous> (webpack:///src/pdf.js:24:23)\n    at __w_pdfjs_require__ (webpack:///webpack/bootstrap%20c9be985464785b4e5413:19:1)\n    at <anonymous> (webpack:///webpack/bootstrap%20c9be985464785b4e5413:62:1)\n    at <anonymous> (webpack:///webpack/bootstrap%20c9be985464785b4e5413:62:1)\n    at webpackUniversalModuleDefinition (webpack:///webpack/universalModuleDefinition:3:1)\n    at Object.<anonymous> (webpack:///webpack/universalModuleDefinition:10:2)\n    at Module._compile (node:internal/modules/cjs/loader:1738:14)","file":{"originalname":"sample_resume.pdf","size":490},"headers":{"accept":"*/*","accept-encoding":"gzip, deflate, br, zstd","accept-language":"en-US","connection":"close","content-length":"716","content-type":"multipart/form-data; boundary=----geckoformboundary375a083fff230059faa9d7d9a022bf14","host":"localhost:4000","origin":"http://localhost:3000","priority":"u=4","referer":"http://localhost:3000/resume-upload","sec-fetch-dest":"empty","sec-fetch-mode":"cors","sec-fetch-site":"same-origin","user-agent":"Mozilla/5.0 (Windows NT 10.0; Win64; x64; rv:141.0) Gecko/20100101 Firefox/141.0","x-forwarded-host":"localhost:3000"},"level":"error","message":"Error uploading/parsing resume","timestamp":"2025-09-18 14:55:36"}
{"level":"http","message":"::1 POST /api/resumes 500 71 - 2.039 ms","timestamp":"2025-09-18 14:55:36"}
{"body":{},"error":"Error\n    at UnknownErrorExceptionClosure (webpack:///src/shared/util.js:400:37)\n    at Object.<anonymous> (webpack:///src/shared/util.js:393:30)\n    at __w_pdfjs_require__ (webpack:///webpack/bootstrap%20c9be985464785b4e5413:19:1)\n    at Object.<anonymous> (webpack:///src/pdf.js:24:23)\n    at __w_pdfjs_require__ (webpack:///webpack/bootstrap%20c9be985464785b4e5413:19:1)\n    at <anonymous> (webpack:///webpack/bootstrap%20c9be985464785b4e5413:62:1)\n    at <anonymous> (webpack:///webpack/bootstrap%20c9be985464785b4e5413:62:1)\n    at webpackUniversalModuleDefinition (webpack:///webpack/universalModuleDefinition:3:1)\n    at Object.<anonymous> (webpack:///webpack/universalModuleDefinition:10:2)\n    at Module._compile (node:internal/modules/cjs/loader:1738:14)","file":{"originalname":"sample_resume.pdf","size":682},"headers":{"accept":"*/*","accept-encoding":"gzip, deflate, br, zstd","accept-language":"en-US","connection":"close","content-length":"878","content-type":"multipart/form-data; boundary=----WebKitFormBoundaryQnMWT4IEYEjFqf7V","host":"localhost:4000","origin":"http://localhost:3000","referer":"http://localhost:3000/resume-upload","sec-ch-ua":"\"Chromium\";v=\"140\", \"Not=A?Brand\";v=\"24\", \"HeadlessChrome\";v=\"140\"","sec-ch-ua-mobile":"?0","sec-ch-ua-platform":"\"Windows\"","sec-fetch-dest":"empty","sec-fetch-mode":"cors","sec-fetch-site":"same-origin","user-agent":"Mozilla/5.0 (Windows NT 10.0; Win64; x64) AppleWebKit/537.36 (KHTML, like Gecko) Chrome/140.0.7339.16 Safari/537.36","x-forwarded-host":"localhost:3000"},"level":"error","message":"Error uploading/parsing resume","timestamp":"2025-09-18 14:58:04"}
{"level":"http","message":"::1 POST /api/resumes 500 71 - 7.446 ms","timestamp":"2025-09-18 14:58:04"}
{"body":{},"error":"Error\n    at UnknownErrorExceptionClosure (webpack:///src/shared/util.js:400:37)\n    at Object.<anonymous> (webpack:///src/shared/util.js:393:30)\n    at __w_pdfjs_require__ (webpack:///webpack/bootstrap%20c9be985464785b4e5413:19:1)\n    at Object.<anonymous> (webpack:///src/pdf.js:24:23)\n    at __w_pdfjs_require__ (webpack:///webpack/bootstrap%20c9be985464785b4e5413:19:1)\n    at <anonymous> (webpack:///webpack/bootstrap%20c9be985464785b4e5413:62:1)\n    at <anonymous> (webpack:///webpack/bootstrap%20c9be985464785b4e5413:62:1)\n    at webpackUniversalModuleDefinition (webpack:///webpack/universalModuleDefinition:3:1)\n    at Object.<anonymous> (webpack:///webpack/universalModuleDefinition:10:2)\n    at Module._compile (node:internal/modules/cjs/loader:1738:14)","file":{"originalname":"sample_resume.pdf","size":682},"headers":{"accept":"*/*","accept-encoding":"gzip, deflate, br, zstd","accept-language":"en-US","connection":"close","content-length":"908","content-type":"multipart/form-data; boundary=----geckoformboundaryb31737a055ea2c93c9206c0131c989d3","host":"localhost:4000","origin":"http://localhost:3000","priority":"u=4","referer":"http://localhost:3000/resume-upload","sec-fetch-dest":"empty","sec-fetch-mode":"cors","sec-fetch-site":"same-origin","user-agent":"Mozilla/5.0 (Windows NT 10.0; Win64; x64; rv:141.0) Gecko/20100101 Firefox/141.0","x-forwarded-host":"localhost:3000"},"level":"error","message":"Error uploading/parsing resume","timestamp":"2025-09-18 14:58:05"}
{"level":"http","message":"::1 POST /api/resumes 500 71 - 2.983 ms","timestamp":"2025-09-18 14:58:05"}
{"body":{},"error":"Error\n    at UnknownErrorExceptionClosure (webpack:///src/shared/util.js:400:37)\n    at Object.<anonymous> (webpack:///src/shared/util.js:393:30)\n    at __w_pdfjs_require__ (webpack:///webpack/bootstrap%20c9be985464785b4e5413:19:1)\n    at Object.<anonymous> (webpack:///src/pdf.js:24:23)\n    at __w_pdfjs_require__ (webpack:///webpack/bootstrap%20c9be985464785b4e5413:19:1)\n    at <anonymous> (webpack:///webpack/bootstrap%20c9be985464785b4e5413:62:1)\n    at <anonymous> (webpack:///webpack/bootstrap%20c9be985464785b4e5413:62:1)\n    at webpackUniversalModuleDefinition (webpack:///webpack/universalModuleDefinition:3:1)\n    at Object.<anonymous> (webpack:///webpack/universalModuleDefinition:10:2)\n    at Module._compile (node:internal/modules/cjs/loader:1738:14)","file":{"originalname":"sample_resume.pdf","size":682},"headers":{"accept":"*/*","accept-encoding":"gzip, deflate, br, zstd","accept-language":"en-US","connection":"close","content-length":"878","content-type":"multipart/form-data; boundary=----WebKitFormBoundaryhC3kXHZRYxPz8J13","host":"localhost:4000","origin":"http://localhost:3000","referer":"http://localhost:3000/resume-upload","sec-ch-ua":"\"Chromium\";v=\"140\", \"Not=A?Brand\";v=\"24\", \"HeadlessChrome\";v=\"140\"","sec-ch-ua-mobile":"?0","sec-ch-ua-platform":"\"Windows\"","sec-fetch-dest":"empty","sec-fetch-mode":"cors","sec-fetch-site":"same-origin","user-agent":"Mozilla/5.0 (Windows NT 10.0; Win64; x64) AppleWebKit/537.36 (KHTML, like Gecko) Chrome/140.0.7339.16 Safari/537.36","x-forwarded-host":"localhost:3000"},"level":"error","message":"Error uploading/parsing resume","timestamp":"2025-09-18 14:58:13"}
{"level":"http","message":"::1 POST /api/resumes 500 71 - 1.930 ms","timestamp":"2025-09-18 14:58:13"}
{"level":"debug","message":"Using existing database connection","timestamp":"2025-09-18 14:58:14"}
{"level":"debug","message":"Inserting resume into database","resumeId":"3d7bd8b8-1a38-4107-a2c2-7682daae1845","timestamp":"2025-09-18 14:58:14"}
{"level":"info","message":"Resume saved successfully","resumeId":"3d7bd8b8-1a38-4107-a2c2-7682daae1845","timestamp":"2025-09-18 14:58:14"}
{"level":"http","message":"::1 POST /api/resumes 201 42 - 22.156 ms","timestamp":"2025-09-18 14:58:14"}
{"level":"info","message":"Opening new database connection","timestamp":"2025-09-18 14:58:43"}
{"level":"info","message":"Database initialized successfully","timestamp":"2025-09-18 14:58:43"}
{"level":"info","message":"API server running on http://localhost:4000","timestamp":"2025-09-18 14:58:43"}
{"body":{},"error":"Error\n    at UnknownErrorExceptionClosure (webpack:///src/shared/util.js:400:37)\n    at Object.<anonymous> (webpack:///src/shared/util.js:393:30)\n    at __w_pdfjs_require__ (webpack:///webpack/bootstrap%20c9be985464785b4e5413:19:1)\n    at Object.<anonymous> (webpack:///src/pdf.js:24:23)\n    at __w_pdfjs_require__ (webpack:///webpack/bootstrap%20c9be985464785b4e5413:19:1)\n    at <anonymous> (webpack:///webpack/bootstrap%20c9be985464785b4e5413:62:1)\n    at <anonymous> (webpack:///webpack/bootstrap%20c9be985464785b4e5413:62:1)\n    at webpackUniversalModuleDefinition (webpack:///webpack/universalModuleDefinition:3:1)\n    at Object.<anonymous> (webpack:///webpack/universalModuleDefinition:10:2)\n    at Module._compile (node:internal/modules/cjs/loader:1738:14)","file":{"originalname":"sample_resume.pdf","size":682},"headers":{"accept":"*/*","accept-encoding":"gzip, deflate, br, zstd","accept-language":"en-US","connection":"close","content-length":"908","content-type":"multipart/form-data; boundary=----geckoformboundary6840e727698edc667c2e8b7591672085","host":"localhost:4000","origin":"http://localhost:3000","priority":"u=4","referer":"http://localhost:3000/resume-upload","sec-fetch-dest":"empty","sec-fetch-mode":"cors","sec-fetch-site":"same-origin","user-agent":"Mozilla/5.0 (Windows NT 10.0; Win64; x64; rv:141.0) Gecko/20100101 Firefox/141.0","x-forwarded-host":"localhost:3000"},"level":"error","message":"Error uploading/parsing resume","timestamp":"2025-09-18 14:58:51"}
{"level":"http","message":"::1 POST /api/resumes 500 71 - 44.860 ms","timestamp":"2025-09-18 14:58:51"}
{"body":{},"error":"Error\n    at UnknownErrorExceptionClosure (webpack:///src/shared/util.js:400:37)\n    at Object.<anonymous> (webpack:///src/shared/util.js:393:30)\n    at __w_pdfjs_require__ (webpack:///webpack/bootstrap%20c9be985464785b4e5413:19:1)\n    at Object.<anonymous> (webpack:///src/pdf.js:24:23)\n    at __w_pdfjs_require__ (webpack:///webpack/bootstrap%20c9be985464785b4e5413:19:1)\n    at <anonymous> (webpack:///webpack/bootstrap%20c9be985464785b4e5413:62:1)\n    at <anonymous> (webpack:///webpack/bootstrap%20c9be985464785b4e5413:62:1)\n    at webpackUniversalModuleDefinition (webpack:///webpack/universalModuleDefinition:3:1)\n    at Object.<anonymous> (webpack:///webpack/universalModuleDefinition:10:2)\n    at Module._compile (node:internal/modules/cjs/loader:1738:14)","file":{"originalname":"sample_resume.pdf","size":682},"headers":{"accept":"*/*","accept-encoding":"gzip, deflate, br, zstd","accept-language":"en-US","connection":"close","content-length":"878","content-type":"multipart/form-data; boundary=----WebKitFormBoundaryk3rhYI8AAaEeK7Wq","host":"localhost:4000","origin":"http://localhost:3000","referer":"http://localhost:3000/resume-upload","sec-ch-ua":"\"Chromium\";v=\"140\", \"Not=A?Brand\";v=\"24\", \"HeadlessChrome\";v=\"140\"","sec-ch-ua-mobile":"?0","sec-ch-ua-platform":"\"Windows\"","sec-fetch-dest":"empty","sec-fetch-mode":"cors","sec-fetch-site":"same-origin","user-agent":"Mozilla/5.0 (Windows NT 10.0; Win64; x64) AppleWebKit/537.36 (KHTML, like Gecko) Chrome/140.0.7339.16 Safari/537.36","x-forwarded-host":"localhost:3000"},"level":"error","message":"Error uploading/parsing resume","timestamp":"2025-09-18 14:58:52"}
{"level":"http","message":"::1 POST /api/resumes 500 71 - 2.384 ms","timestamp":"2025-09-18 14:58:52"}
{"level":"debug","message":"Using existing database connection","timestamp":"2025-09-18 14:59:00"}
{"level":"debug","message":"Inserting resume into database","resumeId":"db68a894-9194-4bc0-8c38-924cef6ef641","timestamp":"2025-09-18 14:59:00"}
{"level":"info","message":"Resume saved successfully","resumeId":"db68a894-9194-4bc0-8c38-924cef6ef641","timestamp":"2025-09-18 14:59:00"}
{"level":"http","message":"::1 POST /api/resumes 201 99 - 17.930 ms","timestamp":"2025-09-18 14:59:00"}
{"level":"debug","message":"Using existing database connection","timestamp":"2025-09-18 14:59:00"}
{"level":"debug","message":"Inserting resume into database","resumeId":"da3acef8-b2de-4313-b98c-8c16d56d16ec","timestamp":"2025-09-18 14:59:00"}
{"level":"info","message":"Resume saved successfully","resumeId":"da3acef8-b2de-4313-b98c-8c16d56d16ec","timestamp":"2025-09-18 14:59:00"}
{"level":"http","message":"::1 POST /api/resumes 201 99 - 5.412 ms","timestamp":"2025-09-18 14:59:00"}
{"level":"info","message":"Opening new database connection","timestamp":"2025-09-18 14:59:20"}
{"level":"info","message":"Database initialized successfully","timestamp":"2025-09-18 14:59:20"}
{"level":"info","message":"API server running on http://localhost:4000","timestamp":"2025-09-18 14:59:20"}
{"body":{},"error":"Error\n    at UnknownErrorExceptionClosure (webpack:///src/shared/util.js:400:37)\n    at Object.<anonymous> (webpack:///src/shared/util.js:393:30)\n    at __w_pdfjs_require__ (webpack:///webpack/bootstrap%20c9be985464785b4e5413:19:1)\n    at Object.<anonymous> (webpack:///src/pdf.js:24:23)\n    at __w_pdfjs_require__ (webpack:///webpack/bootstrap%20c9be985464785b4e5413:19:1)\n    at <anonymous> (webpack:///webpack/bootstrap%20c9be985464785b4e5413:62:1)\n    at <anonymous> (webpack:///webpack/bootstrap%20c9be985464785b4e5413:62:1)\n    at webpackUniversalModuleDefinition (webpack:///webpack/universalModuleDefinition:3:1)\n    at Object.<anonymous> (webpack:///webpack/universalModuleDefinition:10:2)\n    at Module._compile (node:internal/modules/cjs/loader:1738:14)","file":{"originalname":"sample_resume.pdf","size":682},"headers":{"accept":"*/*","accept-encoding":"gzip, deflate, br, zstd","accept-language":"en-US","connection":"close","content-length":"908","content-type":"multipart/form-data; boundary=----geckoformboundary29f710518942d6d775c856e8972e94e0","host":"localhost:4000","origin":"http://localhost:3000","priority":"u=4","referer":"http://localhost:3000/resume-upload","sec-fetch-dest":"empty","sec-fetch-mode":"cors","sec-fetch-site":"same-origin","user-agent":"Mozilla/5.0 (Windows NT 10.0; Win64; x64; rv:141.0) Gecko/20100101 Firefox/141.0","x-forwarded-host":"localhost:3000"},"level":"error","message":"Error uploading/parsing resume","timestamp":"2025-09-18 14:59:32"}
{"level":"http","message":"::1 POST /api/resumes 500 71 - 45.484 ms","timestamp":"2025-09-18 14:59:32"}
{"body":{},"error":"Error\n    at UnknownErrorExceptionClosure (webpack:///src/shared/util.js:400:37)\n    at Object.<anonymous> (webpack:///src/shared/util.js:393:30)\n    at __w_pdfjs_require__ (webpack:///webpack/bootstrap%20c9be985464785b4e5413:19:1)\n    at Object.<anonymous> (webpack:///src/pdf.js:24:23)\n    at __w_pdfjs_require__ (webpack:///webpack/bootstrap%20c9be985464785b4e5413:19:1)\n    at <anonymous> (webpack:///webpack/bootstrap%20c9be985464785b4e5413:62:1)\n    at <anonymous> (webpack:///webpack/bootstrap%20c9be985464785b4e5413:62:1)\n    at webpackUniversalModuleDefinition (webpack:///webpack/universalModuleDefinition:3:1)\n    at Object.<anonymous> (webpack:///webpack/universalModuleDefinition:10:2)\n    at Module._compile (node:internal/modules/cjs/loader:1738:14)","file":{"originalname":"sample_resume.pdf","size":682},"headers":{"accept":"*/*","accept-encoding":"gzip, deflate, br, zstd","accept-language":"en-US","connection":"close","content-length":"878","content-type":"multipart/form-data; boundary=----WebKitFormBoundaryYPoEGjSB270BcuUr","host":"localhost:4000","origin":"http://localhost:3000","referer":"http://localhost:3000/resume-upload","sec-ch-ua":"\"Chromium\";v=\"140\", \"Not=A?Brand\";v=\"24\", \"HeadlessChrome\";v=\"140\"","sec-ch-ua-mobile":"?0","sec-ch-ua-platform":"\"Windows\"","sec-fetch-dest":"empty","sec-fetch-mode":"cors","sec-fetch-site":"same-origin","user-agent":"Mozilla/5.0 (Windows NT 10.0; Win64; x64) AppleWebKit/537.36 (KHTML, like Gecko) Chrome/140.0.7339.16 Safari/537.36","x-forwarded-host":"localhost:3000"},"level":"error","message":"Error uploading/parsing resume","timestamp":"2025-09-18 14:59:33"}
{"level":"http","message":"::1 POST /api/resumes 500 71 - 4.203 ms","timestamp":"2025-09-18 14:59:33"}
{"level":"debug","message":"Using existing database connection","timestamp":"2025-09-18 14:59:41"}
{"level":"debug","message":"Inserting resume into database","resumeId":"c24440fc-57ad-4a7c-9de9-56c4f0c88117","timestamp":"2025-09-18 14:59:41"}
{"level":"info","message":"Resume saved successfully","resumeId":"c24440fc-57ad-4a7c-9de9-56c4f0c88117","timestamp":"2025-09-18 14:59:41"}
{"level":"http","message":"::1 POST /api/resumes 201 108 - 24.137 ms","timestamp":"2025-09-18 14:59:41"}
{"level":"debug","message":"Using existing database connection","timestamp":"2025-09-18 14:59:42"}
{"level":"debug","message":"Inserting resume into database","resumeId":"af772aed-9e16-4234-ba34-0b3218906bfe","timestamp":"2025-09-18 14:59:42"}
{"level":"info","message":"Resume saved successfully","resumeId":"af772aed-9e16-4234-ba34-0b3218906bfe","timestamp":"2025-09-18 14:59:42"}
{"level":"http","message":"::1 POST /api/resumes 201 108 - 5.345 ms","timestamp":"2025-09-18 14:59:42"}
{"level":"info","message":"Opening new database connection","timestamp":"2025-09-18 15:00:12"}
{"level":"info","message":"Database initialized successfully","timestamp":"2025-09-18 15:00:12"}
{"level":"info","message":"API server running on http://localhost:4000","timestamp":"2025-09-18 15:00:12"}
{"level":"info","message":"Opening new database connection","timestamp":"2025-09-19 01:26:16"}
{"level":"info","message":"Database initialized successfully","timestamp":"2025-09-19 01:26:16"}
{"level":"info","message":"API server running on http://localhost:4000","timestamp":"2025-09-19 01:26:16"}
{"level":"info","message":"Opening new database connection","timestamp":"2025-09-19 01:27:01"}
{"level":"info","message":"Database initialized successfully","timestamp":"2025-09-19 01:27:01"}
{"level":"info","message":"API server running on http://localhost:4000","timestamp":"2025-09-19 01:27:01"}
{"level":"info","message":"Opening new database connection","timestamp":"2025-09-19 01:27:09"}
{"level":"info","message":"Database initialized successfully","timestamp":"2025-09-19 01:27:09"}
{"level":"info","message":"API server running on http://localhost:4000","timestamp":"2025-09-19 01:27:09"}
{"level":"info","message":"Opening new database connection","timestamp":"2025-09-19 01:30:22"}
{"level":"info","message":"Database initialized successfully","timestamp":"2025-09-19 01:30:22"}
{"level":"info","message":"API server running on http://localhost:4000","timestamp":"2025-09-19 01:30:22"}
{"level":"info","message":"Opening new database connection","timestamp":"2025-09-19 01:30:22"}
{"level":"info","message":"Database initialized successfully","timestamp":"2025-09-19 01:30:22"}
{"level":"info","message":"API server running on http://localhost:4000","timestamp":"2025-09-19 01:30:22"}
{"level":"info","message":"Opening new database connection","timestamp":"2025-09-19 01:47:29"}
{"level":"info","message":"Database initialized successfully","timestamp":"2025-09-19 01:47:29"}
{"level":"info","message":"API server running on http://localhost:4000","timestamp":"2025-09-19 01:47:29"}
{"headers":{"accept":"*/*","accept-encoding":"gzip, deflate, br, zstd","accept-language":"en-US","connection":"close","content-length":"948","content-type":"multipart/form-data; boundary=----geckoformboundary3b6e3e3384639f20374376b2b74dd5ea","host":"localhost:4000","origin":"http://localhost:3000","priority":"u=4","referer":"http://localhost:3000/resume-upload","sec-fetch-dest":"empty","sec-fetch-mode":"cors","sec-fetch-site":"same-origin","user-agent":"Mozilla/5.0 (Windows NT 10.0; Win64; x64; rv:141.0) Gecko/20100101 Firefox/141.0","x-forwarded-host":"localhost:3000"},"level":"info","message":"Resume upload request received","timestamp":"2025-09-19 01:51:48","userAgent":"Mozilla/5.0 (Windows NT 10.0; Win64; x64; rv:141.0) Gecko/20100101 Firefox/141.0"}
{"level":"info","message":"E2E mode (non-production) triggered for resume upload","timestamp":"2025-09-19 01:51:48"}
{"level":"http","message":"::1 POST /api/resumes 201 200 - 11.283 ms","timestamp":"2025-09-19 01:51:48"}
{"headers":{"accept":"*/*","accept-encoding":"gzip, deflate, br, zstd","accept-language":"en-US","connection":"close","content-length":"948","content-type":"multipart/form-data; boundary=----geckoformboundaryd93ec196aae34ebcf22e981eb254de15","host":"localhost:4000","origin":"http://localhost:3000","referer":"http://localhost:3000/resume-upload","sec-fetch-dest":"empty","sec-fetch-mode":"cors","sec-fetch-site":"same-origin","user-agent":"Mozilla/5.0 (Windows NT 10.0; Win64; x64; rv:141.0) Gecko/20100101 Firefox/141.0","x-dev-e2e-test":"true","x-forwarded-host":"localhost:3000"},"level":"info","message":"Resume upload request received","timestamp":"2025-09-19 01:51:48","userAgent":"Mozilla/5.0 (Windows NT 10.0; Win64; x64; rv:141.0) Gecko/20100101 Firefox/141.0"}
{"level":"info","message":"E2E mode (non-production) triggered for resume upload","timestamp":"2025-09-19 01:51:48"}
{"level":"http","message":"::1 POST /api/resumes 201 200 - 2.636 ms","timestamp":"2025-09-19 01:51:48"}
{"headers":{"accept":"*/*","accept-encoding":"gzip, deflate, br, zstd","accept-language":"en-US","connection":"close","content-length":"918","content-type":"multipart/form-data; boundary=----WebKitFormBoundaryi8cQkHrKROphfK9v","host":"localhost:4000","origin":"http://localhost:3000","referer":"http://localhost:3000/resume-upload","sec-ch-ua":"\"Chromium\";v=\"140\", \"Not=A?Brand\";v=\"24\", \"HeadlessChrome\";v=\"140\"","sec-ch-ua-mobile":"?0","sec-ch-ua-platform":"\"Windows\"","sec-fetch-dest":"empty","sec-fetch-mode":"cors","sec-fetch-site":"same-origin","user-agent":"Mozilla/5.0 (Windows NT 10.0; Win64; x64) AppleWebKit/537.36 (KHTML, like Gecko) Chrome/140.0.7339.16 Safari/537.36","x-forwarded-host":"localhost:3000"},"level":"info","message":"Resume upload request received","timestamp":"2025-09-19 01:51:48","userAgent":"Mozilla/5.0 (Windows NT 10.0; Win64; x64) AppleWebKit/537.36 (KHTML, like Gecko) Chrome/140.0.7339.16 Safari/537.36"}
{"level":"info","message":"E2E mode (non-production) triggered for resume upload","timestamp":"2025-09-19 01:51:48"}
{"level":"http","message":"::1 POST /api/resumes 201 200 - 3.200 ms","timestamp":"2025-09-19 01:51:48"}
{"level":"info","message":"Opening new database connection","timestamp":"2025-09-19 01:59:57"}
{"level":"info","message":"Database initialized successfully","timestamp":"2025-09-19 01:59:57"}
{"level":"info","message":"API server running on http://localhost:4000","timestamp":"2025-09-19 01:59:57"}
{"level":"info","message":"Opening new database connection","timestamp":"2025-09-19 02:25:18"}
{"level":"info","message":"Database initialized successfully","timestamp":"2025-09-19 02:25:18"}
{"level":"info","message":"API server running on http://localhost:4000","timestamp":"2025-09-19 02:25:18"}
{"level":"info","message":"Opening new database connection","timestamp":"2025-09-19 02:25:35"}
{"level":"info","message":"Database initialized successfully","timestamp":"2025-09-19 02:25:35"}
{"level":"info","message":"API server running on http://localhost:4000","timestamp":"2025-09-19 02:25:35"}
{"level":"info","message":"Opening new database connection","timestamp":"2025-09-19 02:25:41"}
{"level":"info","message":"Database initialized successfully","timestamp":"2025-09-19 02:25:41"}
{"level":"info","message":"API server running on http://localhost:4000","timestamp":"2025-09-19 02:25:41"}
{"level":"info","message":"Opening new database connection","timestamp":"2025-09-19 11:45:00"}
{"level":"info","message":"Database initialized successfully","timestamp":"2025-09-19 11:45:00"}
{"level":"info","message":"API server running on http://localhost:4000","timestamp":"2025-09-19 11:45:00"}
{"level":"info","message":"Opening new database connection","timestamp":"2025-09-19 11:45:00"}
{"level":"info","message":"Database initialized successfully","timestamp":"2025-09-19 11:45:00"}
{"level":"info","message":"API server running on http://localhost:4000","timestamp":"2025-09-19 11:45:00"}
{"level":"info","message":"Opening new database connection","timestamp":"2025-09-19 11:56:31"}
{"level":"info","message":"Database initialized successfully","timestamp":"2025-09-19 11:56:31"}
{"level":"info","message":"API server running on http://localhost:4000","timestamp":"2025-09-19 11:56:31"}
{"level":"info","message":"Opening new database connection","timestamp":"2025-09-19 11:56:31"}
{"level":"info","message":"Database initialized successfully","timestamp":"2025-09-19 11:56:31"}
{"level":"info","message":"API server running on http://localhost:4000","timestamp":"2025-09-19 11:56:31"}
{"level":"info","message":"Opening new database connection","timestamp":"2025-09-19 14:49:48"}
{"level":"info","message":"Database initialized successfully","timestamp":"2025-09-19 14:49:48"}
{"level":"info","message":"API server running on http://localhost:4000","timestamp":"2025-09-19 14:49:48"}
{"level":"info","message":"Opening new database connection","timestamp":"2025-09-19 15:03:08"}
{"level":"info","message":"Database initialized successfully","timestamp":"2025-09-19 15:03:08"}
{"level":"info","message":"API server running on http://localhost:4000","timestamp":"2025-09-19 15:03:08"}
{"headers":{"accept":"*/*","accept-encoding":"gzip,deflate,br","accept-language":"en-US","connection":"close","content-length":"196","content-type":"multipart/form-data; boundary=----WebKitFormBoundarybA4kZ86DDAXax8fU","host":"localhost:4000","origin":"http://localhost:3000","referer":"http://localhost:3000/resume-upload","sec-ch-ua":"\"Chromium\";v=\"140\", \"Not=A?Brand\";v=\"24\", \"HeadlessChrome\";v=\"140\"","sec-ch-ua-mobile":"?0","sec-ch-ua-platform":"\"Windows\"","user-agent":"Mozilla/5.0 (Windows NT 10.0; Win64; x64) AppleWebKit/537.36 (KHTML, like Gecko) Chrome/140.0.7339.16 Safari/537.36","x-dev-e2e-test":"true","x-forwarded-host":"localhost:3000"},"level":"info","message":"Resume upload request received","timestamp":"2025-09-19 15:08:23","userAgent":"Mozilla/5.0 (Windows NT 10.0; Win64; x64) AppleWebKit/537.36 (KHTML, like Gecko) Chrome/140.0.7339.16 Safari/537.36"}
{"level":"info","message":"E2E mode (non-production) triggered for resume upload","timestamp":"2025-09-19 15:08:23"}
{"level":"http","message":"::1 POST /api/resumes 201 200 - 37.007 ms","timestamp":"2025-09-19 15:08:23"}
{"headers":{"accept":"*/*","accept-encoding":"gzip,deflate,br","accept-language":"en-US","connection":"close","content-length":"196","content-type":"multipart/form-data; boundary=----WebKitFormBoundarygAF5N8j9lGdwGigv","host":"localhost:4000","origin":"http://localhost:3000","referer":"http://localhost:3000/resume-upload","sec-ch-ua":"\"Chromium\";v=\"140\", \"Not=A?Brand\";v=\"24\", \"HeadlessChrome\";v=\"140\"","sec-ch-ua-mobile":"?0","sec-ch-ua-platform":"\"Windows\"","user-agent":"Mozilla/5.0 (Windows NT 10.0; Win64; x64) AppleWebKit/537.36 (KHTML, like Gecko) Chrome/140.0.7339.16 Safari/537.36","x-dev-e2e-test":"true","x-forwarded-host":"localhost:3000"},"level":"info","message":"Resume upload request received","timestamp":"2025-09-19 15:13:36","userAgent":"Mozilla/5.0 (Windows NT 10.0; Win64; x64) AppleWebKit/537.36 (KHTML, like Gecko) Chrome/140.0.7339.16 Safari/537.36"}
{"level":"info","message":"E2E mode (non-production) triggered for resume upload","timestamp":"2025-09-19 15:13:36"}
{"level":"http","message":"::1 POST /api/resumes 201 200 - 6.877 ms","timestamp":"2025-09-19 15:13:36"}
{"headers":{"accept":"*/*","accept-encoding":"gzip, deflate, br, zstd","accept-language":"en-US","connection":"close","content-length":"908","content-type":"multipart/form-data; boundary=----geckoformboundaryf45ef6cb8731ae83d857ea91e1ebc149","host":"localhost:4000","origin":"http://localhost:3000","referer":"http://localhost:3000/resume-upload","sec-fetch-dest":"empty","sec-fetch-mode":"cors","sec-fetch-site":"same-origin","user-agent":"Mozilla/5.0 (Windows NT 10.0; Win64; x64; rv:141.0) Gecko/20100101 Firefox/141.0","x-dev-e2e-test":"true","x-forwarded-host":"localhost:3000"},"level":"info","message":"Resume upload request received","timestamp":"2025-09-19 15:13:42","userAgent":"Mozilla/5.0 (Windows NT 10.0; Win64; x64; rv:141.0) Gecko/20100101 Firefox/141.0"}
{"level":"info","message":"E2E mode (non-production) triggered for resume upload","timestamp":"2025-09-19 15:13:42"}
{"level":"http","message":"::1 POST /api/resumes 201 200 - 8.181 ms","timestamp":"2025-09-19 15:13:42"}
{"level":"info","message":"Opening new database connection","timestamp":"2025-09-20 01:18:23"}
{"level":"info","message":"Database initialized successfully","timestamp":"2025-09-20 01:18:23"}
{"level":"info","message":"API server running on http://localhost:4000","timestamp":"2025-09-20 01:18:23"}
{"level":"info","message":"Opening new database connection","timestamp":"2025-09-20 01:21:08"}
{"level":"info","message":"Database initialized successfully","timestamp":"2025-09-20 01:21:08"}
{"level":"info","message":"API server running on http://localhost:4000","timestamp":"2025-09-20 01:21:08"}
{"headers":{"accept":"*/*","accept-encoding":"gzip,deflate,br","accept-language":"en-US","connection":"close","content-length":"196","content-type":"multipart/form-data; boundary=----WebKitFormBoundary6cnRlKVueSRlTdXK","host":"localhost:4000","origin":"http://localhost:3000","referer":"http://localhost:3000/resume-upload","sec-ch-ua":"\"Chromium\";v=\"140\", \"Not=A?Brand\";v=\"24\", \"HeadlessChrome\";v=\"140\"","sec-ch-ua-mobile":"?0","sec-ch-ua-platform":"\"Windows\"","user-agent":"Mozilla/5.0 (Windows NT 10.0; Win64; x64) AppleWebKit/537.36 (KHTML, like Gecko) Chrome/140.0.7339.16 Safari/537.36","x-dev-e2e-test":"true","x-forwarded-host":"localhost:3000"},"level":"info","message":"Resume upload request received","timestamp":"2025-09-20 01:22:36","userAgent":"Mozilla/5.0 (Windows NT 10.0; Win64; x64) AppleWebKit/537.36 (KHTML, like Gecko) Chrome/140.0.7339.16 Safari/537.36"}
{"level":"info","message":"E2E mode (non-production) triggered for resume upload","timestamp":"2025-09-20 01:22:36"}
{"level":"http","message":"::1 POST /api/resumes 201 200 - 38.947 ms","timestamp":"2025-09-20 01:22:36"}
{"headers":{"accept":"*/*","accept-encoding":"gzip,deflate,br","accept-language":"en-US","connection":"close","content-length":"196","content-type":"multipart/form-data; boundary=----WebKitFormBoundaryhZ6sKK6DhfeOOnGR","host":"localhost:4000","origin":"http://localhost:3000","referer":"http://localhost:3000/resume-upload","sec-ch-ua":"\"Chromium\";v=\"140\", \"Not=A?Brand\";v=\"24\", \"HeadlessChrome\";v=\"140\"","sec-ch-ua-mobile":"?0","sec-ch-ua-platform":"\"Windows\"","user-agent":"Mozilla/5.0 (Windows NT 10.0; Win64; x64) AppleWebKit/537.36 (KHTML, like Gecko) Chrome/140.0.7339.16 Safari/537.36","x-dev-e2e-test":"true","x-forwarded-host":"localhost:3000"},"level":"info","message":"Resume upload request received","timestamp":"2025-09-20 01:32:26","userAgent":"Mozilla/5.0 (Windows NT 10.0; Win64; x64) AppleWebKit/537.36 (KHTML, like Gecko) Chrome/140.0.7339.16 Safari/537.36"}
{"level":"info","message":"E2E mode (non-production) triggered for resume upload","timestamp":"2025-09-20 01:32:26"}
{"level":"http","message":"::1 POST /api/resumes 201 200 - 7.416 ms","timestamp":"2025-09-20 01:32:26"}
{"level":"info","message":"Opening new database connection","timestamp":"2025-09-20 01:48:43"}
{"level":"info","message":"Database initialized successfully","timestamp":"2025-09-20 01:48:43"}
{"level":"info","message":"API server running on http://localhost:4000","timestamp":"2025-09-20 01:48:43"}
{"level":"info","message":"Opening new database connection","timestamp":"2025-09-20 01:55:58"}
{"level":"info","message":"Database initialized successfully","timestamp":"2025-09-20 01:55:58"}
{"level":"info","message":"API server running on http://localhost:4000","timestamp":"2025-09-20 01:55:58"}
